2021-02-22 10:42:57.925 -WARN 13967 [ntLoopGroup-6-1] com.tsinghua.course.CourseApplication : null-null-{"path":"/"}-SysError006-com.tsinghua.course.Biz.Handler.HttpHandler#channelRead0#85/
2021-02-22 10:42:58.003 -WARN 13967 [ntLoopGroup-6-2] com.tsinghua.course.CourseApplication : null-null-{"path":"/favicon.ico"}-SysError006-com.tsinghua.course.Biz.Handler.HttpHandler#channelRead0#85/
2021-02-22 10:43:00.461 -WARN 13967 [ntLoopGroup-6-3] com.tsinghua.course.CourseApplication : null-null-{"path":"/"}-SysError006-com.tsinghua.course.Biz.Handler.HttpHandler#channelRead0#85/
2021-02-22 10:43:00.492 -WARN 13967 [ntLoopGroup-6-4] com.tsinghua.course.CourseApplication : null-null-{"path":"/favicon.ico"}-SysError006-com.tsinghua.course.Biz.Handler.HttpHandler#channelRead0#85/
2021-02-22 10:43:06.275 -WARN 13967 [ntLoopGroup-6-5] com.tsinghua.course.CourseApplication : null-USER_LOGIN-{"bizType":"USER_LOGIN"}-UserWarn001-com.tsinghua.course.Biz.Controller.UserController#userLogin#30/
2021-02-22 10:43:06.311 -WARN 13967 [ntLoopGroup-6-6] com.tsinghua.course.CourseApplication : null-null-{"path":"/favicon.ico"}-SysError006-com.tsinghua.course.Biz.Handler.HttpHandler#channelRead0#85/
2021-02-22 10:45:26.951 -WARN 13967 [ntLoopGroup-6-7] com.tsinghua.course.CourseApplication : null-LOGIN_TEST-{"bizType":"LOGIN_TEST"}-UserWarn002-com.tsinghua.course.Biz.Controller.TestController$$EnhancerBySpringCGLIB$$a21c41a6#loginTest#-1/
2021-02-22 10:45:26.994 -WARN 13967 [ntLoopGroup-6-8] com.tsinghua.course.CourseApplication : null-null-{"path":"/favicon.ico"}-SysError006-com.tsinghua.course.Biz.Handler.HttpHandler#channelRead0#85/
2021-02-22 10:47:49.324 -WARN 13967 [ntLoopGroup-6-9] com.tsinghua.course.CourseApplication : null-null-{"bizType":"USER_LOGIN","password":"test","path":"/test","username":"admin"}-SysError006-com.tsinghua.course.Biz.Handler.HttpHandler#channelRead0#85/
2021-02-22 10:48:50.007 -WARN 13967 [tLoopGroup-6-10] com.tsinghua.course.CourseApplication : etst-USER_LOGIN-{"bizType":"USER_LOGIN","password":"test","username":"etst"}-UserWarn001-com.tsinghua.course.Biz.Controller.UserController#userLogin#33/
2021-02-22 10:49:21.084 -WARN 13967 [tLoopGroup-6-11] com.tsinghua.course.CourseApplication : null-LOGIN_TEST-{"bizType":"LOGIN_TEST"}-UserWarn002-com.tsinghua.course.Biz.Controller.TestController$$EnhancerBySpringCGLIB$$a21c41a6#loginTest#-1/
2021-02-22 10:49:27.993 -WARN 13967 [tLoopGroup-6-12] com.tsinghua.course.CourseApplication : null-ADMIN_TEST-{"bizType":"ADMIN_TEST"}-UserWarn002-com.tsinghua.course.Biz.Controller.TestController$$EnhancerBySpringCGLIB$$a21c41a6#adminTest#-1/
2021-02-22 10:52:15.386 -WARN 13967 [tLoopGroup-6-13] com.tsinghua.course.CourseApplication : null-null-{"password":"test","path":"/test/redis","username":"etst"}-SysError006-com.tsinghua.course.Biz.Handler.HttpHandler#channelRead0#85/
2021-02-22 10:55:12.546 -WARN 14053 [ntLoopGroup-6-6] com.tsinghua.course.CourseApplication : etst-USER_LOGIN-{"bizType":"USER_LOGIN","password":"test","username":"etst"}-UserWarn001-com.tsinghua.course.Biz.Controller.UserController#userLogin#33/
2021-02-22 10:55:23.578 -WARN 14053 [ntLoopGroup-6-8] com.tsinghua.course.CourseApplication : null-LOGIN_TEST-{"bizType":"LOGIN_TEST"}-UserWarn002-com.tsinghua.course.Biz.Controller.TestController$$EnhancerBySpringCGLIB$$563678eb#loginTest#-1/
2021-02-22 10:55:43.794 -WARN 14053 [tLoopGroup-6-10] com.tsinghua.course.CourseApplication : null-LOGIN_TEST-{"bizType":"LOGIN_TEST"}-UserWarn002-com.tsinghua.course.Biz.Controller.TestController$$EnhancerBySpringCGLIB$$563678eb#loginTest#-1/
2021-02-22 10:56:48.997 -WARN 14053 [tLoopGroup-6-12] com.tsinghua.course.CourseApplication : null-LOGIN_TEST-{"bizType":"LOGIN_TEST"}-UserWarn002-com.tsinghua.course.Biz.Controller.TestController$$EnhancerBySpringCGLIB$$563678eb#loginTest#-1/
2021-02-22 10:58:01.211 -WARN 14089 [ntLoopGroup-7-2] com.tsinghua.course.CourseApplication : null-LOGIN_TEST-{"bizType":"LOGIN_TEST"}-UserWarn002-com.tsinghua.course.Biz.Controller.TestController$$EnhancerBySpringCGLIB$$304e834c#loginTest#-1/
2021-02-22 10:58:03.867 -WARN 14089 [ntLoopGroup-7-3] com.tsinghua.course.CourseApplication : null-LOGIN_TEST-{"bizType":"LOGIN_TEST"}-UserWarn002-com.tsinghua.course.Biz.Controller.TestController$$EnhancerBySpringCGLIB$$304e834c#loginTest#-1/
2021-02-22 10:58:04.484 -WARN 14089 [ntLoopGroup-7-4] com.tsinghua.course.CourseApplication : null-LOGIN_TEST-{"bizType":"LOGIN_TEST"}-UserWarn002-com.tsinghua.course.Biz.Controller.TestController$$EnhancerBySpringCGLIB$$304e834c#loginTest#-1/
2021-02-22 10:58:59.209 -WARN 14089 [ntLoopGroup-7-6] com.tsinghua.course.CourseApplication : null-LOGIN_TEST-{"bizType":"LOGIN_TEST"}-UserWarn002-com.tsinghua.course.Biz.Controller.TestController$$EnhancerBySpringCGLIB$$304e834c#loginTest#-1/
2021-02-22 10:59:33.885 -WARN 14089 [ntLoopGroup-7-7] com.tsinghua.course.CourseApplication : null-LOGIN_TEST-{"bizType":"LOGIN_TEST"}-UserWarn002-com.tsinghua.course.Biz.Controller.TestController$$EnhancerBySpringCGLIB$$304e834c#loginTest#-1/
2021-02-22 11:01:19.748 -WARN 14089 [tLoopGroup-7-10] com.tsinghua.course.CourseApplication : null-LOGIN_TEST-{"bizType":"LOGIN_TEST"}-UserWarn002-com.tsinghua.course.Biz.Controller.TestController$$EnhancerBySpringCGLIB$$304e834c#loginTest#-1/
2021-02-22 11:02:52.961 -WARN 14112 [ntLoopGroup-6-3] com.tsinghua.course.CourseApplication : null-LOGIN_TEST-{"bizType":"LOGIN_TEST"}-UserWarn002-com.tsinghua.course.Biz.Controller.TestController$$EnhancerBySpringCGLIB$$8250ac0c#loginTest#-1/
2021-02-22 11:02:54.060 -WARN 14112 [ntLoopGroup-6-4] com.tsinghua.course.CourseApplication : null-LOGIN_TEST-{"bizType":"LOGIN_TEST"}-UserWarn002-com.tsinghua.course.Biz.Controller.TestController$$EnhancerBySpringCGLIB$$8250ac0c#loginTest#-1/
2021-02-22 11:02:54.673 -WARN 14112 [ntLoopGroup-6-5] com.tsinghua.course.CourseApplication : null-LOGIN_TEST-{"bizType":"LOGIN_TEST"}-UserWarn002-com.tsinghua.course.Biz.Controller.TestController$$EnhancerBySpringCGLIB$$8250ac0c#loginTest#-1/
2021-02-22 11:02:55.160 -WARN 14112 [ntLoopGroup-6-6] com.tsinghua.course.CourseApplication : null-LOGIN_TEST-{"bizType":"LOGIN_TEST"}-UserWarn002-com.tsinghua.course.Biz.Controller.TestController$$EnhancerBySpringCGLIB$$8250ac0c#loginTest#-1/
2021-02-22 11:02:58.255 -WARN 14112 [ntLoopGroup-6-7] com.tsinghua.course.CourseApplication : null-LOGIN_TEST-{"bizType":"LOGIN_TEST"}-UserWarn002-com.tsinghua.course.Biz.Controller.TestController$$EnhancerBySpringCGLIB$$8250ac0c#loginTest#-1/
2021-02-22 11:02:58.896 -WARN 14112 [ntLoopGroup-6-8] com.tsinghua.course.CourseApplication : null-LOGIN_TEST-{"bizType":"LOGIN_TEST"}-UserWarn002-com.tsinghua.course.Biz.Controller.TestController$$EnhancerBySpringCGLIB$$8250ac0c#loginTest#-1/
2021-02-22 11:02:59.381 -WARN 14112 [ntLoopGroup-6-9] com.tsinghua.course.CourseApplication : null-LOGIN_TEST-{"bizType":"LOGIN_TEST"}-UserWarn002-com.tsinghua.course.Biz.Controller.TestController$$EnhancerBySpringCGLIB$$8250ac0c#loginTest#-1/
2021-02-22 11:02:59.998 -WARN 14112 [tLoopGroup-6-10] com.tsinghua.course.CourseApplication : null-LOGIN_TEST-{"bizType":"LOGIN_TEST"}-UserWarn002-com.tsinghua.course.Biz.Controller.TestController$$EnhancerBySpringCGLIB$$8250ac0c#loginTest#-1/
2021-02-22 11:11:23.398 -WARN 14179 [ntLoopGroup-6-1] com.tsinghua.course.CourseApplication : test11-LOGIN_TEST-{"bizType":"LOGIN_TEST","username":"test11"}-UserWarn002-com.tsinghua.course.Biz.Controller.TestController$$EnhancerBySpringCGLIB$$ea5d1435#loginTest#-1/
2021-02-22 11:11:34.942 -WARN 14179 [ntLoopGroup-6-6] com.tsinghua.course.CourseApplication : test-ADMIN_TEST-{"bizType":"ADMIN_TEST","username":"test"}-UserWarn003-com.tsinghua.course.Biz.Controller.TestController$$EnhancerBySpringCGLIB$$ea5d1435#adminTest#-1/
